Using pre-set license

 COMMAND LINE ARGUMENTS:
/Applications/Unity/Hub/Editor/2020.3.6f1/Unity.app/Contents/MacOS/Unity
-adb2
-batchMode
-noUpm
-name
AssetImportWorker0
-projectPath
/Users/chunhochan/UnityLearn/New Unity Project
-logFile
Logs/AssetImportWorker0.log
-srvPort
54617
Successfully changed project path to: /Users/chunhochan/UnityLearn/New Unity Project
/Users/chunhochan/UnityLearn/New Unity Project
Using Asset Import Pipeline V2.
Refreshing native plugins compatible for Editor in 37.19 ms, found 1 plugins.
Preloading 0 native plugins for Editor in 0.00 ms.
Initialize engine version: 2020.3.6f1 (338bb68529b2)
[Subsystems] Discovering subsystems at path /Applications/Unity/Hub/Editor/2020.3.6f1/Unity.app/Contents/Resources/UnitySubsystems
[Subsystems] Discovering subsystems at path /Users/chunhochan/UnityLearn/New Unity Project/Assets
GfxDevice: creating device client; threaded=0
2021-05-30 21:48:22.138 Unity[11157:304065] Color LCD preferred device: Intel(R) Iris(TM) Plus Graphics 655 (low power)
2021-05-30 21:48:22.138 Unity[11157:304065] Metal devices available: 1
2021-05-30 21:48:22.138 Unity[11157:304065] 0: Intel(R) Iris(TM) Plus Graphics 655 (low power)
2021-05-30 21:48:22.138 Unity[11157:304065] Using device Intel(R) Iris(TM) Plus Graphics 655 (low power)
Initializing Metal device caps: Intel(R) Iris(TM) Plus Graphics 655
Initialize mono
Mono path[0] = '/Applications/Unity/Hub/Editor/2020.3.6f1/Unity.app/Contents/Managed'
Mono path[1] = '/Applications/Unity/Hub/Editor/2020.3.6f1/Unity.app/Contents/MonoBleedingEdge/lib/mono/unityjit'
Mono config path = '/Applications/Unity/Hub/Editor/2020.3.6f1/Unity.app/Contents/MonoBleedingEdge/etc'
Using monoOptions --debugger-agent=transport=dt_socket,embedding=1,server=y,suspend=n,address=127.0.0.1:56157
Begin MonoManager ReloadAssembly
Registering precompiled unity dll's ...
Register platform support module: /Applications/Unity/Hub/Editor/2020.3.6f1/PlaybackEngines/WebGLSupport/UnityEditor.WebGL.Extensions.dll
Register platform support module: /Applications/Unity/Hub/Editor/2020.3.6f1/Unity.app/Contents/PlaybackEngines/MacStandaloneSupport/UnityEditor.OSXStandalone.Extensions.dll
Registered in 0.003215 seconds.
Native extension for OSXStandalone target not found
Native extension for WebGL target not found
Refreshing native plugins compatible for Editor in 38.65 ms, found 1 plugins.
Preloading 0 native plugins for Editor in 0.00 ms.
Mono: successfully reloaded assembly
- Completed reload, in  4.109 seconds
Platform modules already initialized, skipping
Registering precompiled user dll's ...
Registered in 0.001430 seconds.
Begin MonoManager ReloadAssembly
Native extension for OSXStandalone target not found
Native extension for WebGL target not found
Refreshing native plugins compatible for Editor in 39.73 ms, found 1 plugins.
Preloading 0 native plugins for Editor in 0.00 ms.
Mono: successfully reloaded assembly
- Completed reload, in  1.452 seconds
Platform modules already initialized, skipping
========================================================================
Worker process is ready to serve import requests
Launching external process: /Applications/Unity/Hub/Editor/2020.3.6f1/Unity.app/Contents/Tools/UnityShaderCompiler
Launched and connected shader compiler UnityShaderCompiler after 0.02 seconds
Refreshing native plugins compatible for Editor in 0.60 ms, found 1 plugins.
Preloading 0 native plugins for Editor in 0.00 ms.
Unloading 1577 Unused Serialized files (Serialized files now loaded: 0)
System memory in use before: 163.0 MB.
System memory in use after: 163.1 MB.

Unloading 11 unused Assets to reduce memory usage. Loaded Objects now: 2047.
Total: 2.581075 ms (FindLiveObjects: 0.265099 ms CreateObjectMapping: 0.084844 ms MarkObjects: 2.099101 ms  DeleteObjects: 0.130987 ms)

========================================================================
Received Import Request.
  path: Assets/Scenes/main menu.unity
  artifactKey: Guid(9336922c3070f4c48bb4ec9443e01b16) Importer(815301076,1909f56bfc062723c751e8b465ee728b)
Start importing Assets/Scenes/main menu.unity using Guid(9336922c3070f4c48bb4ec9443e01b16) Importer(815301076,1909f56bfc062723c751e8b465ee728b)  -> (artifact id: '85c0660dc1e55f4238326e7293f24f53') in 0.020449 seconds
  Import took 0.025396 seconds .

========================================================================
Received Prepare
Registering precompiled user dll's ...
Registered in 0.000489 seconds.
Begin MonoManager ReloadAssembly
Native extension for OSXStandalone target not found
Native extension for WebGL target not found
Refreshing native plugins compatible for Editor in 0.40 ms, found 1 plugins.
Preloading 0 native plugins for Editor in 0.00 ms.
Mono: successfully reloaded assembly
- Completed reload, in  1.025 seconds
Platform modules already initialized, skipping
Switching build target platform(2) subTarget(0) extendedPlatform(0) -> platform(9) subTarget(16777218) extendedPlatform(0)
Refreshing native plugins compatible for Editor in 0.47 ms, found 1 plugins.
Preloading 0 native plugins for Editor in 0.00 ms.
Unloading 1551 Unused Serialized files (Serialized files now loaded: 0)
System memory in use before: 158.1 MB.
System memory in use after: 158.1 MB.

Unloading 7 unused Assets to reduce memory usage. Loaded Objects now: 2051.
Total: 2.628817 ms (FindLiveObjects: 0.243650 ms CreateObjectMapping: 0.070230 ms MarkObjects: 2.222446 ms  DeleteObjects: 0.089943 ms)

AssetImportParameters requested are different than current active one (requested -> active):
  custom:graphics/normal-map-encoding: 01000000000000000000000000000000 -> 02000000000000000000000000000000
